# JRE version: OpenJDK Runtime Environment (8.0_242-b01) (build 1.8.0_242-release-1644-b01)
# Java VM: OpenJDK 64-Bit Server VM (25.242-b01 mixed mode windows-amd64 compressed oops)
Heap:
 PSYoungGen      total 548864K, used 344381K [0x00000000d5580000, 0x00000000f9e00000, 0x0000000100000000)
  eden space 497664K, 60% used [0x00000000d5580000,0x00000000e7a80d98,0x00000000f3b80000)
  from space 51200K, 86% used [0x00000000f6c00000,0x00000000f974e7e8,0x00000000f9e00000)
  to   space 49664K, 0% used [0x00000000f3b80000,0x00000000f3b80000,0x00000000f6c00000)
 ParOldGen       total 265728K, used 148113K [0x0000000080000000, 0x0000000090380000, 0x00000000d5580000)
  object space 265728K, 55% used [0x0000000080000000,0x00000000890a4758,0x0000000090380000)
 Metaspace       used 82232K, capacity 86516K, committed 87448K, reserved 1124352K
  class space    used 11135K, capacity 11935K, committed 12208K, reserved 1048576K
GC Heap History (10 events):
Event: 23.448 GC heap before
{Heap before GC invocations=27 (full 5):
 PSYoungGen      total 462848K, used 24568K [0x00000000d5580000, 0x00000000f5580000, 0x0000000100000000)
  eden space 424960K, 0% used [0x00000000d5580000,0x00000000d5580000,0x00000000ef480000)
  from space 37888K, 64% used [0x00000000f3080000,0x00000000f487e1c8,0x00000000f5580000)
  to   space 49664K, 0% used [0x00000000ef480000,0x00000000ef480000,0x00000000f2500000)
 ParOldGen       total 200192K, used 173755K [0x0000000080000000, 0x000000008c380000, 0x00000000d5580000)
  object space 200192K, 86% used [0x0000000080000000,0x000000008a9aedc8,0x000000008c380000)
 Metaspace       used 82299K, capacity 86850K, committed 87192K, reserved 1124352K
  class space    used 11209K, capacity 12064K, committed 12208K, reserved 1048576K
Event: 24.023 GC heap after
Heap after GC invocations=27 (full 5):
 PSYoungGen      total 462848K, used 0K [0x00000000d5580000, 0x00000000f5580000, 0x0000000100000000)
  eden space 424960K, 0% used [0x00000000d5580000,0x00000000d5580000,0x00000000ef480000)
  from space 37888K, 0% used [0x00000000f3080000,0x00000000f3080000,0x00000000f5580000)
  to   space 49664K, 0% used [0x00000000ef480000,0x00000000ef480000,0x00000000f2500000)
 ParOldGen       total 265728K, used 148105K [0x0000000080000000, 0x0000000090380000, 0x00000000d5580000)
  object space 265728K, 55% used [0x0000000080000000,0x00000000890a2758,0x0000000090380000)
 Metaspace       used 82084K, capacity 86294K, committed 87192K, reserved 1124352K
  class space    used 11134K, capacity 11934K, committed 12208K, reserved 1048576K
}
Event: 25.073 GC heap before
{Heap before GC invocations=28 (full 5):
 PSYoungGen      total 462848K, used 424960K [0x00000000d5580000, 0x00000000f5580000, 0x0000000100000000)
  eden space 424960K, 100% used [0x00000000d5580000,0x00000000ef480000,0x00000000ef480000)
  from space 37888K, 0% used [0x00000000f3080000,0x00000000f3080000,0x00000000f5580000)
  to   space 49664K, 0% used [0x00000000ef480000,0x00000000ef480000,0x00000000f2500000)
 ParOldGen       total 265728K, used 148105K [0x0000000080000000, 0x0000000090380000, 0x00000000d5580000)
  object space 265728K, 55% used [0x0000000080000000,0x00000000890a2758,0x0000000090380000)
 Metaspace       used 82088K, capacity 86298K, committed 87192K, reserved 1124352K
  class space    used 11134K, capacity 11934K, committed 12208K, reserved 1048576K
Event: 25.102 GC heap after
Heap after GC invocations=28 (full 5):
 PSYoungGen      total 474624K, used 13716K [0x00000000d5580000, 0x00000000f9f00000, 0x0000000100000000)
  eden space 424960K, 0% used [0x00000000d5580000,0x00000000d5580000,0x00000000ef480000)
  from space 49664K, 27% used [0x00000000ef480000,0x00000000f01e50b8,0x00000000f2500000)
  to   space 52224K, 0% used [0x00000000f6c00000,0x00000000f6c00000,0x00000000f9f00000)
 ParOldGen       total 265728K, used 148105K [0x0000000080000000, 0x0000000090380000, 0x00000000d5580000)
  object space 265728K, 55% used [0x0000000080000000,0x00000000890a2758,0x0000000090380000)
 Metaspace       used 82088K, capacity 86298K, committed 87192K, reserved 1124352K
  class space    used 11134K, capacity 11934K, committed 12208K, reserved 1048576K
}
Event: 25.865 GC heap before
{Heap before GC invocations=29 (full 5):
 PSYoungGen      total 474624K, used 438676K [0x00000000d5580000, 0x00000000f9f00000, 0x0000000100000000)
  eden space 424960K, 100% used [0x00000000d5580000,0x00000000ef480000,0x00000000ef480000)
  from space 49664K, 27% used [0x00000000ef480000,0x00000000f01e50b8,0x00000000f2500000)
  to   space 52224K, 0% used [0x00000000f6c00000,0x00000000f6c00000,0x00000000f9f00000)
 ParOldGen       total 265728K, used 148105K [0x0000000080000000, 0x0000000090380000, 0x00000000d5580000)
  object space 265728K, 55% used [0x0000000080000000,0x00000000890a2758,0x0000000090380000)
 Metaspace       used 82116K, capacity 86376K, committed 87192K, reserved 1124352K
  class space    used 11135K, capacity 11935K, committed 12208K, reserved 1048576K
Event: 25.914 GC heap after
Heap after GC invocations=29 (full 5):
 PSYoungGen      total 548864K, used 23974K [0x00000000d5580000, 0x00000000f9e00000, 0x0000000100000000)
  eden space 497664K, 0% used [0x00000000d5580000,0x00000000d5580000,0x00000000f3b80000)
  from space 51200K, 46% used [0x00000000f6c00000,0x00000000f8369ab8,0x00000000f9e00000)
  to   space 49664K, 0% used [0x00000000f3b80000,0x00000000f3b80000,0x00000000f6c00000)
 ParOldGen       total 265728K, used 148113K [0x0000000080000000, 0x0000000090380000, 0x00000000d5580000)
  object space 265728K, 55% used [0x0000000080000000,0x00000000890a4758,0x0000000090380000)
 Metaspace       used 82116K, capacity 86376K, committed 87192K, reserved 1124352K
  class space    used 11135K, capacity 11935K, committed 12208K, reserved 1048576K
}
Event: 26.706 GC heap before
{Heap before GC invocations=30 (full 5):
 PSYoungGen      total 548864K, used 521638K [0x00000000d5580000, 0x00000000f9e00000, 0x0000000100000000)
  eden space 497664K, 100% used [0x00000000d5580000,0x00000000f3b80000,0x00000000f3b80000)
  from space 51200K, 46% used [0x00000000f6c00000,0x00000000f8369ab8,0x00000000f9e00000)
  to   space 49664K, 0% used [0x00000000f3b80000,0x00000000f3b80000,0x00000000f6c00000)
 ParOldGen       total 265728K, used 148113K [0x0000000080000000, 0x0000000090380000, 0x00000000d5580000)
  object space 265728K, 55% used [0x0000000080000000,0x00000000890a4758,0x0000000090380000)
 Metaspace       used 82166K, capacity 86444K, committed 87448K, reserved 1124352K
  class space    used 11135K, capacity 11935K, committed 12208K, reserved 1048576K
Event: 26.762 GC heap after
Heap after GC invocations=30 (full 5):
 PSYoungGen      total 547328K, used 36870K [0x00000000d5580000, 0x00000000f9e00000, 0x0000000100000000)
  eden space 497664K, 0% used [0x00000000d5580000,0x00000000d5580000,0x00000000f3b80000)
  from space 49664K, 74% used [0x00000000f3b80000,0x00000000f5f81b90,0x00000000f6c00000)
  to   space 51200K, 0% used [0x00000000f6c00000,0x00000000f6c00000,0x00000000f9e00000)
 ParOldGen       total 265728K, used 148113K [0x0000000080000000, 0x0000000090380000, 0x00000000d5580000)
  object space 265728K, 55% used [0x0000000080000000,0x00000000890a4758,0x0000000090380000)
 Metaspace       used 82166K, capacity 86444K, committed 87448K, reserved 1124352K
  class space    used 11135K, capacity 11935K, committed 12208K, reserved 1048576K
}
Event: 27.462 GC heap before
{Heap before GC invocations=31 (full 5):
 PSYoungGen      total 547328K, used 534534K [0x00000000d5580000, 0x00000000f9e00000, 0x0000000100000000)
  eden space 497664K, 100% used [0x00000000d5580000,0x00000000f3b80000,0x00000000f3b80000)
  from space 49664K, 74% used [0x00000000f3b80000,0x00000000f5f81b90,0x00000000f6c00000)
  to   space 51200K, 0% used [0x00000000f6c00000,0x00000000f6c00000,0x00000000f9e00000)
 ParOldGen       total 265728K, used 148113K [0x0000000080000000, 0x0000000090380000, 0x00000000d5580000)
  object space 265728K, 55% used [0x0000000080000000,0x00000000890a4758,0x0000000090380000)
 Metaspace       used 82212K, capacity 86516K, committed 87448K, reserved 1124352K
  class space    used 11135K, capacity 11935K, committed 12208K, reserved 1048576K
Event: 27.510 GC heap after
Heap after GC invocations=31 (full 5):
 PSYoungGen      total 548864K, used 44345K [0x00000000d5580000, 0x00000000f9e00000, 0x0000000100000000)
  eden space 497664K, 0% used [0x00000000d5580000,0x00000000d5580000,0x00000000f3b80000)
  from space 51200K, 86% used [0x00000000f6c00000,0x00000000f974e7e8,0x00000000f9e00000)
  to   space 49664K, 0% used [0x00000000f3b80000,0x00000000f3b80000,0x00000000f6c00000)
 ParOldGen       total 265728K, used 148113K [0x0000000080000000, 0x0000000090380000, 0x00000000d5580000)
  object space 265728K, 55% used [0x0000000080000000,0x00000000890a4758,0x0000000090380000)
 Metaspace       used 82212K, capacity 86516K, committed 87448K, reserved 1124352K
  class space    used 11135K, capacity 11935K, committed 12208K, reserved 1048576K
}

