# JRE version: OpenJDK Runtime Environment (8.0_242-b01) (build 1.8.0_242-release-1644-b01)
# Java VM: OpenJDK 64-Bit Server VM (25.242-b01 mixed mode windows-amd64 compressed oops)
Heap:
 PSYoungGen      total 411648K, used 33609K [0x00000000d5580000, 0x00000000f4100000, 0x0000000100000000)
  eden space 385024K, 5% used [0x00000000d5580000,0x00000000d6bc9538,0x00000000ecd80000)
  from space 26624K, 40% used [0x00000000efd00000,0x00000000f0789278,0x00000000f1700000)
  to   space 48640K, 0% used [0x00000000ecd80000,0x00000000ecd80000,0x00000000efd00000)
 ParOldGen       total 226304K, used 104529K [0x0000000080000000, 0x000000008dd00000, 0x00000000d5580000)
  object space 226304K, 46% used [0x0000000080000000,0x0000000086614768,0x000000008dd00000)
 Metaspace       used 94215K, capacity 98458K, committed 99992K, reserved 1136640K
  class space    used 12532K, capacity 13364K, committed 13744K, reserved 1048576K
GC Heap History (10 events):
Event: 39.957 GC heap before
{Heap before GC invocations=20 (full 3):
 PSYoungGen      total 358912K, used 357081K [0x00000000d5580000, 0x00000000ed600000, 0x0000000100000000)
  eden space 347648K, 100% used [0x00000000d5580000,0x00000000ea900000,0x00000000ea900000)
  from space 11264K, 83% used [0x00000000ecb00000,0x00000000ed4365e8,0x00000000ed600000)
  to   space 23040K, 0% used [0x00000000ea900000,0x00000000ea900000,0x00000000ebf80000)
 ParOldGen       total 104960K, used 47561K [0x0000000080000000, 0x0000000086680000, 0x00000000d5580000)
  object space 104960K, 45% used [0x0000000080000000,0x0000000082e72700,0x0000000086680000)
 Metaspace       used 80953K, capacity 84594K, committed 84888K, reserved 1122304K
  class space    used 10667K, capacity 11346K, committed 11440K, reserved 1048576K
Event: 39.972 GC heap after
Heap after GC invocations=20 (full 3):
 PSYoungGen      total 370688K, used 16727K [0x00000000d5580000, 0x00000000efb00000, 0x0000000100000000)
  eden space 347648K, 0% used [0x00000000d5580000,0x00000000d5580000,0x00000000ea900000)
  from space 23040K, 72% used [0x00000000ea900000,0x00000000eb955c68,0x00000000ebf80000)
  to   space 24064K, 0% used [0x00000000ee380000,0x00000000ee380000,0x00000000efb00000)
 ParOldGen       total 104960K, used 47569K [0x0000000080000000, 0x0000000086680000, 0x00000000d5580000)
  object space 104960K, 45% used [0x0000000080000000,0x0000000082e74700,0x0000000086680000)
 Metaspace       used 80953K, capacity 84594K, committed 84888K, reserved 1122304K
  class space    used 10667K, capacity 11346K, committed 11440K, reserved 1048576K
}
Event: 44.682 GC heap before
{Heap before GC invocations=21 (full 3):
 PSYoungGen      total 370688K, used 364375K [0x00000000d5580000, 0x00000000efb00000, 0x0000000100000000)
  eden space 347648K, 100% used [0x00000000d5580000,0x00000000ea900000,0x00000000ea900000)
  from space 23040K, 72% used [0x00000000ea900000,0x00000000eb955c68,0x00000000ebf80000)
  to   space 24064K, 0% used [0x00000000ee380000,0x00000000ee380000,0x00000000efb00000)
 ParOldGen       total 104960K, used 47569K [0x0000000080000000, 0x0000000086680000, 0x00000000d5580000)
  object space 104960K, 45% used [0x0000000080000000,0x0000000082e74700,0x0000000086680000)
 Metaspace       used 81353K, capacity 85078K, committed 85144K, reserved 1122304K
  class space    used 10707K, capacity 11400K, committed 11440K, reserved 1048576K
Event: 44.697 GC heap after
Heap after GC invocations=21 (full 3):
 PSYoungGen      total 394240K, used 11456K [0x00000000d5580000, 0x00000000ef380000, 0x0000000100000000)
  eden space 377856K, 0% used [0x00000000d5580000,0x00000000d5580000,0x00000000ec680000)
  from space 16384K, 69% used [0x00000000ee380000,0x00000000eeeb0360,0x00000000ef380000)
  to   space 23040K, 0% used [0x00000000ec680000,0x00000000ec680000,0x00000000edd00000)
 ParOldGen       total 104960K, used 47577K [0x0000000080000000, 0x0000000086680000, 0x00000000d5580000)
  object space 104960K, 45% used [0x0000000080000000,0x0000000082e76700,0x0000000086680000)
 Metaspace       used 81353K, capacity 85078K, committed 85144K, reserved 1122304K
  class space    used 10707K, capacity 11400K, committed 11440K, reserved 1048576K
}
Event: 50.700 GC heap before
{Heap before GC invocations=22 (full 3):
 PSYoungGen      total 394240K, used 389312K [0x00000000d5580000, 0x00000000ef380000, 0x0000000100000000)
  eden space 377856K, 100% used [0x00000000d5580000,0x00000000ec680000,0x00000000ec680000)
  from space 16384K, 69% used [0x00000000ee380000,0x00000000eeeb0360,0x00000000ef380000)
  to   space 23040K, 0% used [0x00000000ec680000,0x00000000ec680000,0x00000000edd00000)
 ParOldGen       total 104960K, used 47577K [0x0000000080000000, 0x0000000086680000, 0x00000000d5580000)
  object space 104960K, 45% used [0x0000000080000000,0x0000000082e76700,0x0000000086680000)
 Metaspace       used 85733K, capacity 89680K, committed 89880K, reserved 1126400K
  class space    used 11237K, capacity 11955K, committed 12080K, reserved 1048576K
Event: 50.730 GC heap after
Heap after GC invocations=22 (full 3):
 PSYoungGen      total 400896K, used 23038K [0x00000000d5580000, 0x00000000f1700000, 0x0000000100000000)
  eden space 377856K, 0% used [0x00000000d5580000,0x00000000d5580000,0x00000000ec680000)
  from space 23040K, 99% used [0x00000000ec680000,0x00000000edcffa50,0x00000000edd00000)
  to   space 26624K, 0% used [0x00000000efd00000,0x00000000efd00000,0x00000000f1700000)
 ParOldGen       total 104960K, used 48475K [0x0000000080000000, 0x0000000086680000, 0x00000000d5580000)
  object space 104960K, 46% used [0x0000000080000000,0x0000000082f56c30,0x0000000086680000)
 Metaspace       used 85733K, capacity 89680K, committed 89880K, reserved 1126400K
  class space    used 11237K, capacity 11955K, committed 12080K, reserved 1048576K
}
Event: 62.798 GC heap before
{Heap before GC invocations=23 (full 3):
 PSYoungGen      total 400896K, used 329768K [0x00000000d5580000, 0x00000000f1700000, 0x0000000100000000)
  eden space 377856K, 81% used [0x00000000d5580000,0x00000000e810a608,0x00000000ec680000)
  from space 23040K, 99% used [0x00000000ec680000,0x00000000edcffa50,0x00000000edd00000)
  to   space 26624K, 0% used [0x00000000efd00000,0x00000000efd00000,0x00000000f1700000)
 ParOldGen       total 104960K, used 48475K [0x0000000080000000, 0x0000000086680000, 0x00000000d5580000)
  object space 104960K, 46% used [0x0000000080000000,0x0000000082f56c30,0x0000000086680000)
 Metaspace       used 93369K, capacity 98504K, committed 98600K, reserved 1134592K
  class space    used 12466K, capacity 13427K, committed 13488K, reserved 1048576K
Event: 62.907 GC heap after
Heap after GC invocations=23 (full 3):
 PSYoungGen      total 411648K, used 26612K [0x00000000d5580000, 0x00000000f4100000, 0x0000000100000000)
  eden space 385024K, 0% used [0x00000000d5580000,0x00000000d5580000,0x00000000ecd80000)
  from space 26624K, 99% used [0x00000000efd00000,0x00000000f16fd180,0x00000000f1700000)
  to   space 48640K, 0% used [0x00000000ecd80000,0x00000000ecd80000,0x00000000efd00000)
 ParOldGen       total 104960K, used 97017K [0x0000000080000000, 0x0000000086680000, 0x00000000d5580000)
  object space 104960K, 92% used [0x0000000080000000,0x0000000085ebe600,0x0000000086680000)
 Metaspace       used 93369K, capacity 98504K, committed 98600K, reserved 1134592K
  class space    used 12466K, capacity 13427K, committed 13488K, reserved 1048576K
}
Event: 62.907 GC heap before
{Heap before GC invocations=24 (full 4):
 PSYoungGen      total 411648K, used 26612K [0x00000000d5580000, 0x00000000f4100000, 0x0000000100000000)
  eden space 385024K, 0% used [0x00000000d5580000,0x00000000d5580000,0x00000000ecd80000)
  from space 26624K, 99% used [0x00000000efd00000,0x00000000f16fd180,0x00000000f1700000)
  to   space 48640K, 0% used [0x00000000ecd80000,0x00000000ecd80000,0x00000000efd00000)
 ParOldGen       total 104960K, used 97017K [0x0000000080000000, 0x0000000086680000, 0x00000000d5580000)
  object space 104960K, 92% used [0x0000000080000000,0x0000000085ebe600,0x0000000086680000)
 Metaspace       used 93369K, capacity 98504K, committed 98600K, reserved 1134592K
  class space    used 12466K, capacity 13427K, committed 13488K, reserved 1048576K
Event: 64.157 GC heap after
Heap after GC invocations=24 (full 4):
 PSYoungGen      total 411648K, used 10788K [0x00000000d5580000, 0x00000000f4100000, 0x0000000100000000)
  eden space 385024K, 0% used [0x00000000d5580000,0x00000000d5580000,0x00000000ecd80000)
  from space 26624K, 40% used [0x00000000efd00000,0x00000000f0789278,0x00000000f1700000)
  to   space 48640K, 0% used [0x00000000ecd80000,0x00000000ecd80000,0x00000000efd00000)
 ParOldGen       total 226304K, used 104529K [0x0000000080000000, 0x000000008dd00000, 0x00000000d5580000)
  object space 226304K, 46% used [0x0000000080000000,0x0000000086614768,0x000000008dd00000)
 Metaspace       used 92659K, capacity 96682K, committed 98600K, reserved 1134592K
  class space    used 12222K, capacity 12990K, committed 13488K, reserved 1048576K
}

