# JRE version: OpenJDK Runtime Environment (8.0_242-b01) (build 1.8.0_242-release-1644-b01)
# Java VM: OpenJDK 64-Bit Server VM (25.242-b01 mixed mode windows-amd64 compressed oops)
Heap:
 PSYoungGen      total 519680K, used 128441K [0x00000000d5580000, 0x00000000fc780000, 0x0000000100000000)
  eden space 470528K, 20% used [0x00000000d5580000,0x00000000db5d2808,0x00000000f2100000)
  from space 49152K, 60% used [0x00000000f2100000,0x00000000f3e1bc70,0x00000000f5100000)
  to   space 54272K, 0% used [0x00000000f9280000,0x00000000f9280000,0x00000000fc780000)
 ParOldGen       total 187904K, used 113172K [0x0000000080000000, 0x000000008b780000, 0x00000000d5580000)
  object space 187904K, 60% used [0x0000000080000000,0x0000000086e852b0,0x000000008b780000)
 Metaspace       used 84226K, capacity 88818K, committed 88984K, reserved 1126400K
  class space    used 11508K, capacity 12344K, committed 12464K, reserved 1048576K
GC Heap History (10 events):
Event: 26.025 GC heap before
{Heap before GC invocations=25 (full 4):
 PSYoungGen      total 518144K, used 509408K [0x00000000d5580000, 0x00000000f8700000, 0x0000000100000000)
  eden space 470528K, 100% used [0x00000000d5580000,0x00000000f2100000,0x00000000f2100000)
  from space 47616K, 81% used [0x00000000f5100000,0x00000000f76f81a0,0x00000000f7f80000)
  to   space 49152K, 0% used [0x00000000f2100000,0x00000000f2100000,0x00000000f5100000)
 ParOldGen       total 187904K, used 92231K [0x0000000080000000, 0x000000008b780000, 0x00000000d5580000)
  object space 187904K, 49% used [0x0000000080000000,0x0000000085a11e10,0x000000008b780000)
 Metaspace       used 84147K, capacity 88750K, committed 88984K, reserved 1126400K
  class space    used 11506K, capacity 12344K, committed 12464K, reserved 1048576K
Event: 26.098 GC heap after
Heap after GC invocations=25 (full 4):
 PSYoungGen      total 519680K, used 47567K [0x00000000d5580000, 0x00000000f8700000, 0x0000000100000000)
  eden space 470528K, 0% used [0x00000000d5580000,0x00000000d5580000,0x00000000f2100000)
  from space 49152K, 96% used [0x00000000f2100000,0x00000000f4f73e60,0x00000000f5100000)
  to   space 47616K, 0% used [0x00000000f5100000,0x00000000f5100000,0x00000000f7f80000)
 ParOldGen       total 187904K, used 92239K [0x0000000080000000, 0x000000008b780000, 0x00000000d5580000)
  object space 187904K, 49% used [0x0000000080000000,0x0000000085a13e10,0x000000008b780000)
 Metaspace       used 84147K, capacity 88750K, committed 88984K, reserved 1126400K
  class space    used 11506K, capacity 12344K, committed 12464K, reserved 1048576K
}
Event: 27.073 GC heap before
{Heap before GC invocations=26 (full 4):
 PSYoungGen      total 519680K, used 518095K [0x00000000d5580000, 0x00000000f8700000, 0x0000000100000000)
  eden space 470528K, 100% used [0x00000000d5580000,0x00000000f2100000,0x00000000f2100000)
  from space 49152K, 96% used [0x00000000f2100000,0x00000000f4f73e60,0x00000000f5100000)
  to   space 47616K, 0% used [0x00000000f5100000,0x00000000f5100000,0x00000000f7f80000)
 ParOldGen       total 187904K, used 92239K [0x0000000080000000, 0x000000008b780000, 0x00000000d5580000)
  object space 187904K, 49% used [0x0000000080000000,0x0000000085a13e10,0x000000008b780000)
 Metaspace       used 84162K, capacity 88750K, committed 88984K, reserved 1126400K
  class space    used 11506K, capacity 12344K, committed 12464K, reserved 1048576K
Event: 27.143 GC heap after
Heap after GC invocations=26 (full 4):
 PSYoungGen      total 518144K, used 33434K [0x00000000d5580000, 0x00000000f8700000, 0x0000000100000000)
  eden space 470528K, 0% used [0x00000000d5580000,0x00000000d5580000,0x00000000f2100000)
  from space 47616K, 70% used [0x00000000f5100000,0x00000000f71a6820,0x00000000f7f80000)
  to   space 49152K, 0% used [0x00000000f2100000,0x00000000f2100000,0x00000000f5100000)
 ParOldGen       total 187904K, used 109217K [0x0000000080000000, 0x000000008b780000, 0x00000000d5580000)
  object space 187904K, 58% used [0x0000000080000000,0x0000000086aa8610,0x000000008b780000)
 Metaspace       used 84162K, capacity 88750K, committed 88984K, reserved 1126400K
  class space    used 11506K, capacity 12344K, committed 12464K, reserved 1048576K
}
Event: 28.192 GC heap before
{Heap before GC invocations=27 (full 4):
 PSYoungGen      total 518144K, used 503962K [0x00000000d5580000, 0x00000000f8700000, 0x0000000100000000)
  eden space 470528K, 100% used [0x00000000d5580000,0x00000000f2100000,0x00000000f2100000)
  from space 47616K, 70% used [0x00000000f5100000,0x00000000f71a6820,0x00000000f7f80000)
  to   space 49152K, 0% used [0x00000000f2100000,0x00000000f2100000,0x00000000f5100000)
 ParOldGen       total 187904K, used 109217K [0x0000000080000000, 0x000000008b780000, 0x00000000d5580000)
  object space 187904K, 58% used [0x0000000080000000,0x0000000086aa8610,0x000000008b780000)
 Metaspace       used 84201K, capacity 88814K, committed 88984K, reserved 1126400K
  class space    used 11507K, capacity 12344K, committed 12464K, reserved 1048576K
Event: 28.244 GC heap after
Heap after GC invocations=27 (full 4):
 PSYoungGen      total 519680K, used 32723K [0x00000000d5580000, 0x00000000f8700000, 0x0000000100000000)
  eden space 470528K, 0% used [0x00000000d5580000,0x00000000d5580000,0x00000000f2100000)
  from space 49152K, 66% used [0x00000000f2100000,0x00000000f40f4ec0,0x00000000f5100000)
  to   space 47616K, 0% used [0x00000000f5100000,0x00000000f5100000,0x00000000f7f80000)
 ParOldGen       total 187904K, used 111336K [0x0000000080000000, 0x000000008b780000, 0x00000000d5580000)
  object space 187904K, 59% used [0x0000000080000000,0x0000000086cba2a0,0x000000008b780000)
 Metaspace       used 84201K, capacity 88814K, committed 88984K, reserved 1126400K
  class space    used 11507K, capacity 12344K, committed 12464K, reserved 1048576K
}
Event: 29.397 GC heap before
{Heap before GC invocations=28 (full 4):
 PSYoungGen      total 519680K, used 503251K [0x00000000d5580000, 0x00000000f8700000, 0x0000000100000000)
  eden space 470528K, 100% used [0x00000000d5580000,0x00000000f2100000,0x00000000f2100000)
  from space 49152K, 66% used [0x00000000f2100000,0x00000000f40f4ec0,0x00000000f5100000)
  to   space 47616K, 0% used [0x00000000f5100000,0x00000000f5100000,0x00000000f7f80000)
 ParOldGen       total 187904K, used 111336K [0x0000000080000000, 0x000000008b780000, 0x00000000d5580000)
  object space 187904K, 59% used [0x0000000080000000,0x0000000086cba2a0,0x000000008b780000)
 Metaspace       used 84220K, capacity 88818K, committed 88984K, reserved 1126400K
  class space    used 11508K, capacity 12344K, committed 12464K, reserved 1048576K
Event: 29.444 GC heap after
Heap after GC invocations=28 (full 4):
 PSYoungGen      total 518144K, used 26762K [0x00000000d5580000, 0x00000000f8700000, 0x0000000100000000)
  eden space 470528K, 0% used [0x00000000d5580000,0x00000000d5580000,0x00000000f2100000)
  from space 47616K, 56% used [0x00000000f5100000,0x00000000f6b22948,0x00000000f7f80000)
  to   space 49152K, 0% used [0x00000000f2100000,0x00000000f2100000,0x00000000f5100000)
 ParOldGen       total 187904K, used 113172K [0x0000000080000000, 0x000000008b780000, 0x00000000d5580000)
  object space 187904K, 60% used [0x0000000080000000,0x0000000086e852b0,0x000000008b780000)
 Metaspace       used 84220K, capacity 88818K, committed 88984K, reserved 1126400K
  class space    used 11508K, capacity 12344K, committed 12464K, reserved 1048576K
}
Event: 30.801 GC heap before
{Heap before GC invocations=29 (full 4):
 PSYoungGen      total 518144K, used 497290K [0x00000000d5580000, 0x00000000f8700000, 0x0000000100000000)
  eden space 470528K, 100% used [0x00000000d5580000,0x00000000f2100000,0x00000000f2100000)
  from space 47616K, 56% used [0x00000000f5100000,0x00000000f6b22948,0x00000000f7f80000)
  to   space 49152K, 0% used [0x00000000f2100000,0x00000000f2100000,0x00000000f5100000)
 ParOldGen       total 187904K, used 113172K [0x0000000080000000, 0x000000008b780000, 0x00000000d5580000)
  object space 187904K, 60% used [0x0000000080000000,0x0000000086e852b0,0x000000008b780000)
 Metaspace       used 84224K, capacity 88818K, committed 88984K, reserved 1126400K
  class space    used 11508K, capacity 12344K, committed 12464K, reserved 1048576K
Event: 30.842 GC heap after
Heap after GC invocations=29 (full 4):
 PSYoungGen      total 519680K, used 29807K [0x00000000d5580000, 0x00000000fc780000, 0x0000000100000000)
  eden space 470528K, 0% used [0x00000000d5580000,0x00000000d5580000,0x00000000f2100000)
  from space 49152K, 60% used [0x00000000f2100000,0x00000000f3e1bc70,0x00000000f5100000)
  to   space 54272K, 0% used [0x00000000f9280000,0x00000000f9280000,0x00000000fc780000)
 ParOldGen       total 187904K, used 113172K [0x0000000080000000, 0x000000008b780000, 0x00000000d5580000)
  object space 187904K, 60% used [0x0000000080000000,0x0000000086e852b0,0x000000008b780000)
 Metaspace       used 84224K, capacity 88818K, committed 88984K, reserved 1126400K
  class space    used 11508K, capacity 12344K, committed 12464K, reserved 1048576K
}

